<?xml version="1.0" encoding="UTF-8"?>
<!-- Generated by org.testng.reporters.JUnitReportReporter -->
<testsuite hostname="Balajis-MacBook-Pro.local" failures="0" tests="3" name="com.cgi.test.ZDemo1Test" time="8.271" errors="0" timestamp="2023-06-15T17:21:07 IST" skipped="0">
  <testcase classname="com.cgi.test.ZDemo1Test" name="demoLoginTest" time="0.853"/>
  <testcase classname="com.cgi.test.ZDemo1Test" name="demoLoginTest" time="5.502"/>
  <testcase classname="com.cgi.test.ZDemo1Test" name="demoLoginTest" time="1.916"/>
</testsuite> <!-- com.cgi.test.ZDemo1Test -->
