<?xml version="1.0" encoding="UTF-8"?>
<!-- Generated by org.testng.reporters.JUnitReportReporter -->
<testsuite hostname="Balajis-MacBook-Pro.local" failures="0" tests="1" name="com.cgi.test.LoginUITest" time="6.902" errors="0" timestamp="2023-06-16T15:49:47 IST" skipped="0">
  <testcase classname="com.cgi.test.LoginUITest" name="placeholderTest" time="6.902"/>
</testsuite> <!-- com.cgi.test.LoginUITest -->
